Build started 14-Jan-15 4:09:36 PM.
     1>Project "C:\Users\nguyenvietnamson\Desktop\GIAI BAI TAP TT\GIAI BAI TAP\Bai 15 - C\Bai 15 - C.vcxproj" on node 2 (Build target(s)).
     1>ClCompile:
         C:\Program Files (x86)\Microsoft Visual Studio 11.0\VC\bin\CL.exe /c /ZI /nologo /W3 /WX- /Od /Oy- /D _MBCS /Gm /EHsc /RTC1 /MDd /GS /fp:precise /Zc:wchar_t /Zc:forScope /Fo"Debug\\" /Fd"Debug\vc110.pdb" /Gd /TP /analyze- /errorReport:prompt Source.cpp
         Source.cpp
     1>c:\users\nguyenvietnamson\desktop\giai bai tap tt\giai bai tap\bai 15 - c\source.cpp(9): warning C4996: 'fopen': This function or variable may be unsafe. Consider using fopen_s instead. To disable deprecation, use _CRT_SECURE_NO_WARNINGS. See online help for details.
                 c:\program files (x86)\microsoft visual studio 11.0\vc\include\stdio.h(218) : see declaration of 'fopen'
     1>c:\users\nguyenvietnamson\desktop\giai bai tap tt\giai bai tap\bai 15 - c\source.cpp(14): warning C4996: 'getch': The POSIX name for this item is deprecated. Instead, use the ISO C++ conformant name: _getch. See online help for details.
                 c:\program files (x86)\microsoft visual studio 11.0\vc\include\conio.h(131) : see declaration of 'getch'
     1>c:\users\nguyenvietnamson\desktop\giai bai tap tt\giai bai tap\bai 15 - c\source.cpp(18): warning C4996: 'fscanf': This function or variable may be unsafe. Consider using fscanf_s instead. To disable deprecation, use _CRT_SECURE_NO_WARNINGS. See online help for details.
                 c:\program files (x86)\microsoft visual studio 11.0\vc\include\stdio.h(237) : see declaration of 'fscanf'
     1>c:\users\nguyenvietnamson\desktop\giai bai tap tt\giai bai tap\bai 15 - c\source.cpp(26): warning C4996: 'fopen': This function or variable may be unsafe. Consider using fopen_s instead. To disable deprecation, use _CRT_SECURE_NO_WARNINGS. See online help for details.
                 c:\program files (x86)\microsoft visual studio 11.0\vc\include\stdio.h(218) : see declaration of 'fopen'
     1>c:\users\nguyenvietnamson\desktop\giai bai tap tt\giai bai tap\bai 15 - c\source.cpp(52): warning C4244: 'initializing' : conversion from 'int' to 'float', possible loss of data
     1>c:\users\nguyenvietnamson\desktop\giai bai tap tt\giai bai tap\bai 15 - c\source.cpp(82): warning C4996: 'getch': The POSIX name for this item is deprecated. Instead, use the ISO C++ conformant name: _getch. See online help for details.
                 c:\program files (x86)\microsoft visual studio 11.0\vc\include\conio.h(131) : see declaration of 'getch'
       Link:
         C:\Program Files (x86)\Microsoft Visual Studio 11.0\VC\bin\link.exe /ERRORREPORT:PROMPT /OUT:"C:\Users\nguyenvietnamson\Desktop\GIAI BAI TAP TT\GIAI BAI TAP\Debug\Bai 15 - C.exe" /INCREMENTAL /NOLOGO kernel32.lib user32.lib gdi32.lib winspool.lib comdlg32.lib advapi32.lib shell32.lib ole32.lib oleaut32.lib uuid.lib odbc32.lib odbccp32.lib /MANIFEST /MANIFESTUAC:"level='asInvoker' uiAccess='false'" /manifest:embed /DEBUG /PDB:"C:\Users\nguyenvietnamson\Desktop\GIAI BAI TAP TT\GIAI BAI TAP\Debug\Bai 15 - C.pdb" /TLBID:1 /DYNAMICBASE /NXCOMPAT /IMPLIB:"C:\Users\nguyenvietnamson\Desktop\GIAI BAI TAP TT\GIAI BAI TAP\Debug\Bai 15 - C.lib" /MACHINE:X86 Debug\Source.obj
         Bai 15 - C.vcxproj -> C:\Users\nguyenvietnamson\Desktop\GIAI BAI TAP TT\GIAI BAI TAP\Debug\Bai 15 - C.exe
     1>Done Building Project "C:\Users\nguyenvietnamson\Desktop\GIAI BAI TAP TT\GIAI BAI TAP\Bai 15 - C\Bai 15 - C.vcxproj" (Build target(s)).

Build succeeded.

Time Elapsed 00:00:01.94
